<?xml version="1.0" encoding="UTF-8"?>
<!-- Generated by org.testng.reporters.JUnitReportReporter -->
<testsuite hostname="PhiHung" failures="0" tests="1" name="ThiKiemThu.Thi.TestCase1" time="1.660" errors="0" timestamp="2022-04-21T06:12:50 ICT" skipped="0">
  <testcase classname="ThiKiemThu.Thi.TestCase1" name="testName" time="1.660"/>
  <system-out/>
</testsuite> <!-- ThiKiemThu.Thi.TestCase1 -->
