<?xml version="1.0" encoding="UTF-8"?>
<!-- Generated by org.testng.reporters.JUnitReportReporter -->
<testsuite hostname="PhiHung" failures="0" tests="6" name="ASM2.TestBien" time="328.663" errors="0" timestamp="2022-04-07T08:39:13 ICT" skipped="0">
  <testcase classname="ASM2.TestBien" name="f" time="54.282"/>
  <system-out/>
  <testcase classname="ASM2.TestBien" name="f" time="40.097"/>
  <system-out/>
  <testcase classname="ASM2.TestBien" name="f" time="42.032"/>
  <system-out/>
  <testcase classname="ASM2.TestBien" name="f" time="65.376"/>
  <system-out/>
  <testcase classname="ASM2.TestBien" name="f" time="65.179"/>
  <system-out/>
  <testcase classname="ASM2.TestBien" name="f" time="61.697"/>
  <system-out/>
</testsuite> <!-- ASM2.TestBien -->
