<?xml version="1.0" encoding="UTF-8"?>
<!-- Generated by org.testng.reporters.JUnitReportReporter -->
<testsuite hostname="PhiHung" failures="0" tests="1" name="ASM2.TestCase1" time="8.368" errors="0" timestamp="2022-04-07T08:39:13 ICT" skipped="0">
  <testcase classname="ASM2.TestCase1" name="testName" time="8.368"/>
  <system-out/>
</testsuite> <!-- ASM2.TestCase1 -->
