<?xml version="1.0" encoding="UTF-8"?>
<!-- Generated by org.testng.reporters.JUnitReportReporter -->
<testsuite hostname="PhiHung" failures="0" tests="1" name="Test.TC1" time="11.647" errors="0" timestamp="2022-04-20T16:01:49 ICT" skipped="0">
  <testcase classname="Test.TC1" name="test1" time="11.647"/>
  <system-out/>
</testsuite> <!-- Test.TC1 -->
