<?xml version="1.0" encoding="UTF-8"?>
<!-- Generated by org.testng.reporters.JUnitReportReporter -->
<testsuite hostname="PhiHung" failures="0" tests="3" name="Lab05.TimKiem" time="111.186" errors="0" timestamp="2022-03-29T08:02:22 ICT" skipped="0">
  <testcase classname="Lab05.TimKiem" name="testTimKiem1" time="40.942"/>
  <system-out/>
  <testcase classname="Lab05.TimKiem" name="testTimKiem2" time="40.312"/>
  <system-out/>
  <testcase classname="Lab05.TimKiem" name="testTimKiem3" time="29.932"/>
  <system-out/>
</testsuite> <!-- Lab05.TimKiem -->
