<?xml version="1.0" encoding="UTF-8"?>
<!-- Generated by org.testng.reporters.JUnitReportReporter -->
<testsuite hostname="PhiHung" failures="0" tests="3" name="Lab06.Bai4" time="0.043" errors="0" timestamp="2022-04-02T08:51:04 ICT" skipped="0">
  <testcase classname="Lab06.Bai4" name="Kiemtralogindungchaomung" time="0.025"/>
  <system-out/>
  <testcase classname="Lab06.Bai4" name="DangNhap" time="0.011"/>
  <system-out/>
  <testcase classname="Lab06.Bai4" name="Kiemtralogindungtieude" time="0.007"/>
  <system-out/>
</testsuite> <!-- Lab06.Bai4 -->
