<?xml version="1.0" encoding="UTF-8"?>
<!-- Generated by org.testng.reporters.JUnitReportReporter -->
<testsuite hostname="PhiHung" failures="0" tests="6" name="Lab04.VatCaCulatorTest" time="0.012" errors="0" timestamp="2022-03-29T07:43:07 ICT" skipped="0">
  <testcase classname="Lab04.VatCaCulatorTest" name="getVatTest4" time="0.001"/>
  <system-out/>
  <testcase classname="Lab04.VatCaCulatorTest" name="getVatTest1" time="0.009"/>
  <system-out/>
  <testcase classname="Lab04.VatCaCulatorTest" name="getVatTest5" time="0.000"/>
  <system-out/>
  <testcase classname="Lab04.VatCaCulatorTest" name="getVatTest3" time="0.001"/>
  <system-out/>
  <testcase classname="Lab04.VatCaCulatorTest" name="getVatTest6" time="0.000"/>
  <system-out/>
  <testcase classname="Lab04.VatCaCulatorTest" name="getVatTest2" time="0.001"/>
  <system-out/>
</testsuite> <!-- Lab04.VatCaCulatorTest -->
